<?xml version="1.0" encoding="UTF-8"?>
<testng-results ignored="0" total="1" passed="1" failed="0" skipped="0">
  <reporter-output>
  </reporter-output>
  <suite started-at="2023-08-17T17:06:46 IST" name="Default suite" finished-at="2023-08-17T17:06:54 IST" duration-ms="8378">
    <groups>
    </groups>
    <test started-at="2023-08-17T17:06:46 IST" name="Default test" finished-at="2023-08-17T17:06:54 IST" duration-ms="8378">
      <class name="rahulShettyProject.links2">
        <test-method is-config="true" signature="BrowserLaunch()[pri:0, instance:rahulShettyProject.links2@53fb3dab]" started-at="2023-08-17T17:06:38 IST" name="BrowserLaunch" finished-at="2023-08-17T17:06:46 IST" duration-ms="8030" status="PASS">
          <reporter-output>
          </reporter-output>
        </test-method> <!-- BrowserLaunch -->
        <test-method signature="TotalLinks()[pri:1, instance:rahulShettyProject.links2@53fb3dab]" started-at="2023-08-17T17:06:46 IST" name="TotalLinks" finished-at="2023-08-17T17:06:54 IST" duration-ms="8305" status="PASS">
          <reporter-output>
          </reporter-output>
        </test-method> <!-- TotalLinks -->
      </class> <!-- rahulShettyProject.links2 -->
    </test> <!-- Default test -->
  </suite> <!-- Default suite -->
</testng-results>
